Notice	76f23b4	1212
README	f2f3bc99	7450
cds.c	e46ba5f6	4168
data.c	12145a77	10501
defines.h	fd9fa7c5	8720
defs.h	730ee5d	33931
equiv.c	1afb37ff	9344
error.c	3ceee3e	4979
exec.c	e8b056da	20102
expr.c	18504eb7	67421
f2c.1	f104ea18	6827
f2c.1t	e4fe8d24	6903
f2c.h	1be51f39	4668
format.c	fb33a541	57866
format.h	b396862	458
formatdata.c	f0ac14ec	26660
ftypes.h	18b86a27	1377
gram.dcl	e4392253	8449
gram.exec	1384a3db	3005
gram.expr	e3da3320	3137
gram.head	1591952b	7309
gram.io	1b7c281c	3294
init.c	ffeaccb5	11590
intr.c	888937a	22915
io.c	1020ad7f	30623
iob.h	ece45655	548
lex.c	ef55481f	33961
machdefs.h	4950e5b	659
main.c	f9ddf12c	18825
malloc.c	1cb00990	3964
mem.c	1cbf32d0	5396
memset.c	f56469fb	1992
misc.c	88c3c02	21864
names.c	16e1b4bf	21521
names.h	110806d6	569
niceprintf.c	ebdb9cfc	10920
niceprintf.h	c31f08c	412
output.c	d4bff86	42430
output.h	fa6797d9	2103
p1defs.h	1b02743	5741
p1output.c	3a0fff0	14239
parse.h	18d34e6b	1119
parse_args.c	176faaca	14118
pccdefs.h	1b4fbbee	1195
pread.c	6408ee8	17816
proc.c	1d272b9a	38923
put.c	1a037ae5	10027
putpcc.c	1468dce2	44200
sysdep.c	f093c70d	12148
sysdep.h	15f2fca6	2718
tokens	188b7c5d	733
usignal.h	1c4ce909	124
vax.c	91496e2	12149
version.c	15fc6c89	107
xsum.c	eba2b299	6599
